<?xml version="1.0" encoding="UTF-8"?>
<!-- Generated by org.testng.reporters.JUnitXMLReporter -->
<testsuite ignored="0" hostname="LAPTOP-D70QCCCO" failures="0" tests="8" name="Test" time="86.481" errors="0" timestamp="2026-07-06T16:39:13 IST">
  <testcase classname="testCases.TC001_AccountRegistrationTest" name="verify_account_registration" time="4.76"/>
  <testcase classname="testCases.TC002_LoginTest" name="Verify_login" time="2.91"/>
  <testcase classname="testCases.TC003_LoginDDT" name="Verify_loginDDT" time="3.319"/>
  <testcase classname="testCases.TC003_LoginDDT" name="Verify_loginDDT" time="12.277"/>
  <testcase classname="testCases.TC003_LoginDDT" name="Verify_loginDDT" time="12.126"/>
  <testcase classname="testCases.TC003_LoginDDT" name="Verify_loginDDT" time="12.209"/>
  <testcase classname="testCases.TC003_LoginDDT" name="Verify_loginDDT" time="3.24"/>
  <testcase classname="testCases.TC003_LoginDDT" name="Verify_loginDDT" time="12.188"/>
</testsuite> <!-- Test -->
