<?xml version="1.0" encoding="UTF-8"?>
<!-- Generated by org.testng.reporters.JUnitReportReporter -->
<testsuite hostname="LAPTOP-D70QCCCO" failures="0" tests="6" name="testCases.TC003_LoginDDT" time="55.359" errors="0" timestamp="2026-07-06T16:39:14 IST" skipped="0">
  <testcase classname="testCases.TC003_LoginDDT" name="Verify_loginDDT" time="12.209"/>
  <testcase classname="testCases.TC003_LoginDDT" name="Verify_loginDDT" time="3.319"/>
  <testcase classname="testCases.TC003_LoginDDT" name="Verify_loginDDT" time="12.126"/>
  <testcase classname="testCases.TC003_LoginDDT" name="Verify_loginDDT" time="12.188"/>
  <testcase classname="testCases.TC003_LoginDDT" name="Verify_loginDDT" time="3.240"/>
  <testcase classname="testCases.TC003_LoginDDT" name="Verify_loginDDT" time="12.277"/>
</testsuite> <!-- testCases.TC003_LoginDDT -->
